<?xml version='1.0' encoding='UTF-8'?>
<testsuite hostname="LAPTOP-476JT8H0" name="OneBit4to1MuxSpec" tests="1" errors="0" failures="0" skipped="0" time="2.025" timestamp="2024-04-24T17:15:28">
          <properties>
[...]
</properties>
          <testcase classname="OneBit4to1MuxSpec" name="OneBit4to1Mux should correctly select input based on sel and EN_n" time="2.025">
                      
                    </testcase>
          <system-out><![CDATA[]]></system-out>
          <system-err><![CDATA[]]></system-err>
        </testsuite>